# JRE version: OpenJDK Runtime Environment Temurin-21.0.11+10 (21.0.11+10) (build 21.0.11+10-LTS)
# Java VM: OpenJDK 64-Bit Server VM Temurin-21.0.11+10 (21.0.11+10-LTS, mixed mode, sharing, tiered, compressed oops, compressed class ptrs, parallel gc, windows-amd64)
GC Precious Log:
 CardTable entry size: 512
 CPUs: 16 total, 16 available
 Memory: 16068M
 Large Page Support: Disabled
 NUMA Support: Disabled
 Compressed Oops: Enabled (32-bit)
 Alignments: Space 512K, Generation 512K, Heap 2M
 Heap Min Capacity: 100M
 Heap Initial Capacity: 100M
 Heap Max Capacity: 2G
 Pre-touch: Disabled
 Parallel Workers: 13
Heap:
 PSYoungGen      total 7680K, used 6619K [0x00000000d5580000, 0x00000000d5f80000, 0x0000000100000000)
  eden space 7168K, 90% used [0x00000000d5580000,0x00000000d5bd6fc0,0x00000000d5c80000)
  from space 512K, 25% used [0x00000000d5e80000,0x00000000d5ea0000,0x00000000d5f00000)
  to   space 512K, 0% used [0x00000000d5f00000,0x00000000d5f00000,0x00000000d5f80000)
 ParOldGen       total 1040896K, used 1040501K [0x0000000080000000, 0x00000000bf880000, 0x00000000d5580000)
  object space 1040896K, 99% used [0x0000000080000000,0x00000000bf81d430,0x00000000bf880000)
 Metaspace       used 104054K, committed 105984K, reserved 1179648K
  class space    used 10708K, committed 11584K, reserved 1048576K
GC Heap History (20 events):
Event: 8239.521 GC heap before
{Heap before GC invocations=2981 (full 5):
 PSYoungGen      total 8192K, used 8036K [0x00000000d5580000, 0x00000000d6100000, 0x0000000100000000)
  eden space 7168K, 100% used [0x00000000d5580000,0x00000000d5c80000,0x00000000d5c80000)
  from space 1024K, 84% used [0x00000000d5c80000,0x00000000d5d59210,0x00000000d5d80000)
  to   space 2048K, 0% used [0x00000000d5f00000,0x00000000d5f00000,0x00000000d6100000)
 ParOldGen       total 1039872K, used 1039861K [0x0000000080000000, 0x00000000bf780000, 0x00000000d5580000)
  object space 1039872K, 99% used [0x0000000080000000,0x00000000bf77d430,0x00000000bf780000)
 Metaspace       used 104047K, committed 105984K, reserved 1179648K
  class space    used 10708K, committed 11584K, reserved 1048576K
}
Event: 8239.526 GC heap after
{Heap after GC invocations=2981 (full 5):
 PSYoungGen      total 7680K, used 410K [0x00000000d5580000, 0x00000000d5f80000, 0x0000000100000000)
  eden space 7168K, 0% used [0x00000000d5580000,0x00000000d5580000,0x00000000d5c80000)
  from space 512K, 80% used [0x00000000d5f00000,0x00000000d5f66900,0x00000000d5f80000)
  to   space 1024K, 0% used [0x00000000d5d80000,0x00000000d5d80000,0x00000000d5e80000)
 ParOldGen       total 1040384K, used 1040317K [0x0000000080000000, 0x00000000bf800000, 0x00000000d5580000)
  object space 1040384K, 99% used [0x0000000080000000,0x00000000bf7ef430,0x00000000bf800000)
 Metaspace       used 104047K, committed 105984K, reserved 1179648K
  class space    used 10708K, committed 11584K, reserved 1048576K
}
Event: 28609.427 GC heap before
{Heap before GC invocations=2982 (full 5):
 PSYoungGen      total 7680K, used 7578K [0x00000000d5580000, 0x00000000d5f80000, 0x0000000100000000)
  eden space 7168K, 99% used [0x00000000d5580000,0x00000000d5c7fff8,0x00000000d5c80000)
  from space 512K, 80% used [0x00000000d5f00000,0x00000000d5f66900,0x00000000d5f80000)
  to   space 1024K, 0% used [0x00000000d5d80000,0x00000000d5d80000,0x00000000d5e80000)
 ParOldGen       total 1040384K, used 1040317K [0x0000000080000000, 0x00000000bf800000, 0x00000000d5580000)
  object space 1040384K, 99% used [0x0000000080000000,0x00000000bf7ef430,0x00000000bf800000)
 Metaspace       used 104050K, committed 105984K, reserved 1179648K
  class space    used 10708K, committed 11584K, reserved 1048576K
}
Event: 28609.716 GC heap after
{Heap after GC invocations=2982 (full 5):
 PSYoungGen      total 8192K, used 320K [0x00000000d5580000, 0x00000000d5f80000, 0x0000000100000000)
  eden space 7168K, 0% used [0x00000000d5580000,0x00000000d5580000,0x00000000d5c80000)
  from space 1024K, 31% used [0x00000000d5d80000,0x00000000d5dd0000,0x00000000d5e80000)
  to   space 512K, 0% used [0x00000000d5f00000,0x00000000d5f00000,0x00000000d5f80000)
 ParOldGen       total 1040384K, used 1040349K [0x0000000080000000, 0x00000000bf800000, 0x00000000d5580000)
  object space 1040384K, 99% used [0x0000000080000000,0x00000000bf7f7430,0x00000000bf800000)
 Metaspace       used 104050K, committed 105984K, reserved 1179648K
  class space    used 10708K, committed 11584K, reserved 1048576K
}
Event: 28610.010 GC heap before
{Heap before GC invocations=2983 (full 5):
 PSYoungGen      total 8192K, used 7487K [0x00000000d5580000, 0x00000000d5f80000, 0x0000000100000000)
  eden space 7168K, 99% used [0x00000000d5580000,0x00000000d5c7fff8,0x00000000d5c80000)
  from space 1024K, 31% used [0x00000000d5d80000,0x00000000d5dd0000,0x00000000d5e80000)
  to   space 512K, 0% used [0x00000000d5f00000,0x00000000d5f00000,0x00000000d5f80000)
 ParOldGen       total 1040384K, used 1040349K [0x0000000080000000, 0x00000000bf800000, 0x00000000d5580000)
  object space 1040384K, 99% used [0x0000000080000000,0x00000000bf7f7430,0x00000000bf800000)
 Metaspace       used 104050K, committed 105984K, reserved 1179648K
  class space    used 10708K, committed 11584K, reserved 1048576K
}
Event: 28610.012 GC heap after
{Heap after GC invocations=2983 (full 5):
 PSYoungGen      total 7680K, used 32K [0x00000000d5580000, 0x00000000d5f80000, 0x0000000100000000)
  eden space 7168K, 0% used [0x00000000d5580000,0x00000000d5580000,0x00000000d5c80000)
  from space 512K, 6% used [0x00000000d5f00000,0x00000000d5f08000,0x00000000d5f80000)
  to   space 512K, 0% used [0x00000000d5e80000,0x00000000d5e80000,0x00000000d5f00000)
 ParOldGen       total 1040896K, used 1040421K [0x0000000080000000, 0x00000000bf880000, 0x00000000d5580000)
  object space 1040896K, 99% used [0x0000000080000000,0x00000000bf809430,0x00000000bf880000)
 Metaspace       used 104050K, committed 105984K, reserved 1179648K
  class space    used 10708K, committed 11584K, reserved 1048576K
}
Event: 60706.491 GC heap before
{Heap before GC invocations=2984 (full 5):
 PSYoungGen      total 7680K, used 7200K [0x00000000d5580000, 0x00000000d5f80000, 0x0000000100000000)
  eden space 7168K, 100% used [0x00000000d5580000,0x00000000d5c80000,0x00000000d5c80000)
  from space 512K, 6% used [0x00000000d5f00000,0x00000000d5f08000,0x00000000d5f80000)
  to   space 512K, 0% used [0x00000000d5e80000,0x00000000d5e80000,0x00000000d5f00000)
 ParOldGen       total 1040896K, used 1040421K [0x0000000080000000, 0x00000000bf880000, 0x00000000d5580000)
  object space 1040896K, 99% used [0x0000000080000000,0x00000000bf809430,0x00000000bf880000)
 Metaspace       used 104050K, committed 105984K, reserved 1179648K
  class space    used 10708K, committed 11584K, reserved 1048576K
}
Event: 60706.494 GC heap after
{Heap after GC invocations=2984 (full 5):
 PSYoungGen      total 7680K, used 416K [0x00000000d5580000, 0x00000000d5f80000, 0x0000000100000000)
  eden space 7168K, 0% used [0x00000000d5580000,0x00000000d5580000,0x00000000d5c80000)
  from space 512K, 81% used [0x00000000d5e80000,0x00000000d5ee8000,0x00000000d5f00000)
  to   space 512K, 0% used [0x00000000d5f00000,0x00000000d5f00000,0x00000000d5f80000)
 ParOldGen       total 1040896K, used 1040421K [0x0000000080000000, 0x00000000bf880000, 0x00000000d5580000)
  object space 1040896K, 99% used [0x0000000080000000,0x00000000bf809430,0x00000000bf880000)
 Metaspace       used 104050K, committed 105984K, reserved 1179648K
  class space    used 10708K, committed 11584K, reserved 1048576K
}
Event: 60706.704 GC heap before
{Heap before GC invocations=2985 (full 5):
 PSYoungGen      total 7680K, used 7584K [0x00000000d5580000, 0x00000000d5f80000, 0x0000000100000000)
  eden space 7168K, 100% used [0x00000000d5580000,0x00000000d5c80000,0x00000000d5c80000)
  from space 512K, 81% used [0x00000000d5e80000,0x00000000d5ee8000,0x00000000d5f00000)
  to   space 512K, 0% used [0x00000000d5f00000,0x00000000d5f00000,0x00000000d5f80000)
 ParOldGen       total 1040896K, used 1040421K [0x0000000080000000, 0x00000000bf880000, 0x00000000d5580000)
  object space 1040896K, 99% used [0x0000000080000000,0x00000000bf809430,0x00000000bf880000)
 Metaspace       used 104050K, committed 105984K, reserved 1179648K
  class space    used 10708K, committed 11584K, reserved 1048576K
}
Event: 60706.706 GC heap after
{Heap after GC invocations=2985 (full 5):
 PSYoungGen      total 7680K, used 32K [0x00000000d5580000, 0x00000000d5f80000, 0x0000000100000000)
  eden space 7168K, 0% used [0x00000000d5580000,0x00000000d5580000,0x00000000d5c80000)
  from space 512K, 6% used [0x00000000d5f00000,0x00000000d5f08000,0x00000000d5f80000)
  to   space 512K, 0% used [0x00000000d5e80000,0x00000000d5e80000,0x00000000d5f00000)
 ParOldGen       total 1040896K, used 1040461K [0x0000000080000000, 0x00000000bf880000, 0x00000000d5580000)
  object space 1040896K, 99% used [0x0000000080000000,0x00000000bf813430,0x00000000bf880000)
 Metaspace       used 104050K, committed 105984K, reserved 1179648K
  class space    used 10708K, committed 11584K, reserved 1048576K
}
Event: 70849.285 GC heap before
{Heap before GC invocations=2986 (full 5):
 PSYoungGen      total 7680K, used 7200K [0x00000000d5580000, 0x00000000d5f80000, 0x0000000100000000)
  eden space 7168K, 100% used [0x00000000d5580000,0x00000000d5c80000,0x00000000d5c80000)
  from space 512K, 6% used [0x00000000d5f00000,0x00000000d5f08000,0x00000000d5f80000)
  to   space 512K, 0% used [0x00000000d5e80000,0x00000000d5e80000,0x00000000d5f00000)
 ParOldGen       total 1040896K, used 1040461K [0x0000000080000000, 0x00000000bf880000, 0x00000000d5580000)
  object space 1040896K, 99% used [0x0000000080000000,0x00000000bf813430,0x00000000bf880000)
 Metaspace       used 104050K, committed 105984K, reserved 1179648K
  class space    used 10708K, committed 11584K, reserved 1048576K
}
Event: 70849.738 GC heap after
{Heap after GC invocations=2986 (full 5):
 PSYoungGen      total 7680K, used 224K [0x00000000d5580000, 0x00000000d5f80000, 0x0000000100000000)
  eden space 7168K, 0% used [0x00000000d5580000,0x00000000d5580000,0x00000000d5c80000)
  from space 512K, 43% used [0x00000000d5e80000,0x00000000d5eb8000,0x00000000d5f00000)
  to   space 512K, 0% used [0x00000000d5f00000,0x00000000d5f00000,0x00000000d5f80000)
 ParOldGen       total 1040896K, used 1040461K [0x0000000080000000, 0x00000000bf880000, 0x00000000d5580000)
  object space 1040896K, 99% used [0x0000000080000000,0x00000000bf813430,0x00000000bf880000)
 Metaspace       used 104050K, committed 105984K, reserved 1179648K
  class space    used 10708K, committed 11584K, reserved 1048576K
}
Event: 84024.280 GC heap before
{Heap before GC invocations=2987 (full 5):
 PSYoungGen      total 7680K, used 7392K [0x00000000d5580000, 0x00000000d5f80000, 0x0000000100000000)
  eden space 7168K, 100% used [0x00000000d5580000,0x00000000d5c80000,0x00000000d5c80000)
  from space 512K, 43% used [0x00000000d5e80000,0x00000000d5eb8000,0x00000000d5f00000)
  to   space 512K, 0% used [0x00000000d5f00000,0x00000000d5f00000,0x00000000d5f80000)
 ParOldGen       total 1040896K, used 1040461K [0x0000000080000000, 0x00000000bf880000, 0x00000000d5580000)
  object space 1040896K, 99% used [0x0000000080000000,0x00000000bf813430,0x00000000bf880000)
 Metaspace       used 104054K, committed 105984K, reserved 1179648K
  class space    used 10708K, committed 11584K, reserved 1048576K
}
Event: 84024.759 GC heap after
{Heap after GC invocations=2987 (full 5):
 PSYoungGen      total 7680K, used 256K [0x00000000d5580000, 0x00000000d5f80000, 0x0000000100000000)
  eden space 7168K, 0% used [0x00000000d5580000,0x00000000d5580000,0x00000000d5c80000)
  from space 512K, 50% used [0x00000000d5f00000,0x00000000d5f40000,0x00000000d5f80000)
  to   space 512K, 0% used [0x00000000d5e80000,0x00000000d5e80000,0x00000000d5f00000)
 ParOldGen       total 1040896K, used 1040461K [0x0000000080000000, 0x00000000bf880000, 0x00000000d5580000)
  object space 1040896K, 99% used [0x0000000080000000,0x00000000bf813430,0x00000000bf880000)
 Metaspace       used 104054K, committed 105984K, reserved 1179648K
  class space    used 10708K, committed 11584K, reserved 1048576K
}
Event: 113734.837 GC heap before
{Heap before GC invocations=2988 (full 5):
 PSYoungGen      total 7680K, used 7424K [0x00000000d5580000, 0x00000000d5f80000, 0x0000000100000000)
  eden space 7168K, 100% used [0x00000000d5580000,0x00000000d5c80000,0x00000000d5c80000)
  from space 512K, 50% used [0x00000000d5f00000,0x00000000d5f40000,0x00000000d5f80000)
  to   space 512K, 0% used [0x00000000d5e80000,0x00000000d5e80000,0x00000000d5f00000)
 ParOldGen       total 1040896K, used 1040461K [0x0000000080000000, 0x00000000bf880000, 0x00000000d5580000)
  object space 1040896K, 99% used [0x0000000080000000,0x00000000bf813430,0x00000000bf880000)
 Metaspace       used 104054K, committed 105984K, reserved 1179648K
  class space    used 10708K, committed 11584K, reserved 1048576K
}
Event: 113735.191 GC heap after
{Heap after GC invocations=2988 (full 5):
 PSYoungGen      total 7680K, used 224K [0x00000000d5580000, 0x00000000d5f80000, 0x0000000100000000)
  eden space 7168K, 0% used [0x00000000d5580000,0x00000000d5580000,0x00000000d5c80000)
  from space 512K, 43% used [0x00000000d5e80000,0x00000000d5eb8000,0x00000000d5f00000)
  to   space 512K, 0% used [0x00000000d5f00000,0x00000000d5f00000,0x00000000d5f80000)
 ParOldGen       total 1040896K, used 1040461K [0x0000000080000000, 0x00000000bf880000, 0x00000000d5580000)
  object space 1040896K, 99% used [0x0000000080000000,0x00000000bf813430,0x00000000bf880000)
 Metaspace       used 104054K, committed 105984K, reserved 1179648K
  class space    used 10708K, committed 11584K, reserved 1048576K
}
Event: 113735.703 GC heap before
{Heap before GC invocations=2989 (full 5):
 PSYoungGen      total 7680K, used 7392K [0x00000000d5580000, 0x00000000d5f80000, 0x0000000100000000)
  eden space 7168K, 100% used [0x00000000d5580000,0x00000000d5c80000,0x00000000d5c80000)
  from space 512K, 43% used [0x00000000d5e80000,0x00000000d5eb8000,0x00000000d5f00000)
  to   space 512K, 0% used [0x00000000d5f00000,0x00000000d5f00000,0x00000000d5f80000)
 ParOldGen       total 1040896K, used 1040461K [0x0000000080000000, 0x00000000bf880000, 0x00000000d5580000)
  object space 1040896K, 99% used [0x0000000080000000,0x00000000bf813430,0x00000000bf880000)
 Metaspace       used 104054K, committed 105984K, reserved 1179648K
  class space    used 10708K, committed 11584K, reserved 1048576K
}
Event: 113735.706 GC heap after
{Heap after GC invocations=2989 (full 5):
 PSYoungGen      total 7680K, used 0K [0x00000000d5580000, 0x00000000d5f80000, 0x0000000100000000)
  eden space 7168K, 0% used [0x00000000d5580000,0x00000000d5580000,0x00000000d5c80000)
  from space 512K, 0% used [0x00000000d5f00000,0x00000000d5f00000,0x00000000d5f80000)
  to   space 512K, 0% used [0x00000000d5e80000,0x00000000d5e80000,0x00000000d5f00000)
 ParOldGen       total 1040896K, used 1040501K [0x0000000080000000, 0x00000000bf880000, 0x00000000d5580000)
  object space 1040896K, 99% used [0x0000000080000000,0x00000000bf81d430,0x00000000bf880000)
 Metaspace       used 104054K, committed 105984K, reserved 1179648K
  class space    used 10708K, committed 11584K, reserved 1048576K
}
Event: 133856.659 GC heap before
{Heap before GC invocations=2990 (full 5):
 PSYoungGen      total 7680K, used 7168K [0x00000000d5580000, 0x00000000d5f80000, 0x0000000100000000)
  eden space 7168K, 100% used [0x00000000d5580000,0x00000000d5c80000,0x00000000d5c80000)
  from space 512K, 0% used [0x00000000d5f00000,0x00000000d5f00000,0x00000000d5f80000)
  to   space 512K, 0% used [0x00000000d5e80000,0x00000000d5e80000,0x00000000d5f00000)
 ParOldGen       total 1040896K, used 1040501K [0x0000000080000000, 0x00000000bf880000, 0x00000000d5580000)
  object space 1040896K, 99% used [0x0000000080000000,0x00000000bf81d430,0x00000000bf880000)
 Metaspace       used 104054K, committed 105984K, reserved 1179648K
  class space    used 10708K, committed 11584K, reserved 1048576K
}
Event: 133856.721 GC heap after
{Heap after GC invocations=2990 (full 5):
 PSYoungGen      total 7680K, used 128K [0x00000000d5580000, 0x00000000d5f80000, 0x0000000100000000)
  eden space 7168K, 0% used [0x00000000d5580000,0x00000000d5580000,0x00000000d5c80000)
  from space 512K, 25% used [0x00000000d5e80000,0x00000000d5ea0000,0x00000000d5f00000)
  to   space 512K, 0% used [0x00000000d5f00000,0x00000000d5f00000,0x00000000d5f80000)
 ParOldGen       total 1040896K, used 1040501K [0x0000000080000000, 0x00000000bf880000, 0x00000000d5580000)
  object space 1040896K, 99% used [0x0000000080000000,0x00000000bf81d430,0x00000000bf880000)
 Metaspace       used 104054K, committed 105984K, reserved 1179648K
  class space    used 10708K, committed 11584K, reserved 1048576K
}

